<?xml version="1.0" encoding="UTF-8"?>
<!-- Generated by org.testng.reporters.JUnitReportReporter -->
<testsuite skipped="0" hostname="DESKTOP-T6D122N" name="com.appium.AppiumBasics" tests="1" failures="0" timestamp="20 Sep 2022 18:13:46 GMT" time="6.988" errors="0">
  <testcase name="apiumTest" time="6.988" classname="com.appium.AppiumBasics"/>
</testsuite> <!-- com.appium.AppiumBasics -->
